<?xml version="1.0" encoding="UTF-8"?>
<testng-results skipped="0" failed="1" ignored="0" total="1" passed="0">
  <reporter-output>
  </reporter-output>
  <suite name="Default suite" duration-ms="10545" started-at="2020-02-20T17:49:18 CET" finished-at="2020-02-20T17:49:28 CET">
    <groups>
      <group name="CurrencyConverter">
        <method signature="CurrencyConverterTests.tc_01_currencyConversionValidation(java.lang.String, java.lang.String, java.lang.String)[pri:0, instance:com.org.test.CurrencyConverterTests@646be2c3]" name="tc_01_currencyConversionValidation" class="com.org.test.CurrencyConverterTests"/>
      </group> <!-- CurrencyConverter -->
    </groups>
    <test name="Default test" duration-ms="10545" started-at="2020-02-20T17:49:18 CET" finished-at="2020-02-20T17:49:28 CET">
      <class name="com.org.test.CurrencyConverterTests">
        <test-method status="PASS" signature="setUp()[pri:0, instance:com.org.test.CurrencyConverterTests@646be2c3]" name="setUp" is-config="true" duration-ms="7265" started-at="2020-02-20T17:49:18 CET" finished-at="2020-02-20T17:49:25 CET">
          <reporter-output>
          </reporter-output>
        </test-method> <!-- setUp -->
        <test-method status="FAIL" signature="tc_01_currencyConversionValidation(java.lang.String, java.lang.String, java.lang.String)[pri:0, instance:com.org.test.CurrencyConverterTests@646be2c3]" name="tc_01_currencyConversionValidation" duration-ms="2211" started-at="2020-02-20T17:49:25 CET" data-provider="CurrencyInput" finished-at="2020-02-20T17:49:27 CET">
          <params>
            <param index="0">
              <value>
                <![CDATA[EUR]]>
              </value>
            </param>
            <param index="1">
              <value>
                <![CDATA[USD]]>
              </value>
            </param>
            <param index="2">
              <value>
                <![CDATA[1.11210 USD]]>
              </value>
            </param>
          </params>
          <exception class="java.lang.AssertionError">
            <message>
              <![CDATA[Actual heading '1 Euro to US Dollar' should be same as expected heading 'EUR to USD'. expected [EUR to USD] but found [1 Euro to US Dollar]]]>
            </message>
            <full-stacktrace>
              <![CDATA[java.lang.AssertionError: Actual heading '1 Euro to US Dollar' should be same as expected heading 'EUR to USD'. expected [EUR to USD] but found [1 Euro to US Dollar]
at org.testng.Assert.fail(Assert.java:97)
at org.testng.Assert.assertEqualsImpl(Assert.java:136)
at org.testng.Assert.assertEquals(Assert.java:118)
at org.testng.Assert.assertEquals(Assert.java:575)
at com.org.pages.CurrencyConverterResultsPage.CurrencyConverterResultsPageHeaderCheck(CurrencyConverterResultsPage.java:37)
at com.org.test.CurrencyConverterTests.tc_01_currencyConversionValidation(CurrencyConverterTests.java:31)
at sun.reflect.NativeMethodAccessorImpl.invoke0(Native Method)
at sun.reflect.NativeMethodAccessorImpl.invoke(NativeMethodAccessorImpl.java:62)
at sun.reflect.DelegatingMethodAccessorImpl.invoke(DelegatingMethodAccessorImpl.java:43)
at java.lang.reflect.Method.invoke(Method.java:498)
at org.testng.internal.MethodInvocationHelper.invokeMethod(MethodInvocationHelper.java:133)
at org.testng.internal.TestInvoker.invokeMethod(TestInvoker.java:584)
at org.testng.internal.TestInvoker.invokeTestMethod(TestInvoker.java:172)
at org.testng.internal.MethodRunner.runInSequence(MethodRunner.java:46)
at org.testng.internal.TestInvoker$MethodInvocationAgent.invoke(TestInvoker.java:804)
at org.testng.internal.TestInvoker.invokeTestMethods(TestInvoker.java:145)
at org.testng.internal.TestMethodWorker.invokeTestMethods(TestMethodWorker.java:146)
at org.testng.internal.TestMethodWorker.run(TestMethodWorker.java:128)
at java.util.ArrayList.forEach(ArrayList.java:1257)
at org.testng.TestRunner.privateRun(TestRunner.java:770)
at org.testng.TestRunner.run(TestRunner.java:591)
at org.testng.SuiteRunner.runTest(SuiteRunner.java:402)
at org.testng.SuiteRunner.runSequentially(SuiteRunner.java:396)
at org.testng.SuiteRunner.privateRun(SuiteRunner.java:355)
at org.testng.SuiteRunner.run(SuiteRunner.java:304)
at org.testng.SuiteRunnerWorker.runSuite(SuiteRunnerWorker.java:53)
at org.testng.SuiteRunnerWorker.run(SuiteRunnerWorker.java:96)
at org.testng.TestNG.runSuitesSequentially(TestNG.java:1180)
at org.testng.TestNG.runSuitesLocally(TestNG.java:1102)
at org.testng.TestNG.runSuites(TestNG.java:1032)
at org.testng.TestNG.run(TestNG.java:1000)
at org.testng.remote.AbstractRemoteTestNG.run(AbstractRemoteTestNG.java:115)
at org.testng.remote.RemoteTestNG.initAndRun(RemoteTestNG.java:251)
at org.testng.remote.RemoteTestNG.main(RemoteTestNG.java:77)
]]>
            </full-stacktrace>
          </exception> <!-- java.lang.AssertionError -->
          <reporter-output>
          </reporter-output>
        </test-method> <!-- tc_01_currencyConversionValidation -->
        <test-method status="PASS" signature="teardown(org.testng.ITestResult)[pri:0, instance:com.org.test.CurrencyConverterTests@646be2c3]" name="teardown" is-config="true" duration-ms="1029" started-at="2020-02-20T17:49:27 CET" finished-at="2020-02-20T17:49:28 CET">
          <params>
            <param index="0">
              <value>
                <![CDATA[[TestResult name=tc_01_currencyConversionValidation status=FAILURE method=CurrencyConverterTests.tc_01_currencyConversionValidation(java.lang.String, java.lang.String, java.lang.String)[pri:0, instance:com.org.test.CurrencyConverterTests@646be2c3] output={null}]]]>
              </value>
            </param>
          </params>
          <reporter-output>
          </reporter-output>
        </test-method> <!-- teardown -->
      </class> <!-- com.org.test.CurrencyConverterTests -->
    </test> <!-- Default test -->
  </suite> <!-- Default suite -->
</testng-results>
