<?xml version="1.0" encoding="UTF-8"?>
<!-- Generated by org.testng.reporters.JUnitReportReporter -->
<testsuite skipped="0" hostname="WP3078" name="AdvanceSelenium.HeadlessBrowser" tests="1" failures="0" timestamp="2020-09-17T15:03:07 CEST" time="2.072" errors="1">
  <testcase name="headlessbrowser" time="2.072" classname="AdvanceSelenium.HeadlessBrowser">
    <error type="org.openqa.selenium.SessionNotCreatedException" message="session not created: This version of ChromeDriver only supports Chrome version 79
Build info: version: &#039;4.0.0-alpha-1&#039;, revision: &#039;d1d3728cae&#039;, time: &#039;2019-04-24T13:42:21&#039;
System info: host: &#039;WP3078&#039;, ip: &#039;10.34.1.10&#039;, os.name: &#039;Windows 10&#039;, os.arch: &#039;amd64&#039;, os.version: &#039;10.0&#039;, java.version: &#039;1.8.0_211&#039;
Driver info: driver.version: ChromeDriver
remote stacktrace: Backtrace:
	Ordinal0 [0x0093A113+1548563]
	Ordinal0 [0x008BDDA1+1039777]
	Ordinal0 [0x0083E485+517253]
	Ordinal0 [0x007CFD34+64820]
	Ordinal0 [0x007CC61E+50718]
	Ordinal0 [0x007EB797+178071]
	Ordinal0 [0x007EB59D+177565]
	Ordinal0 [0x007E95FB+169467]
	Ordinal0 [0x007D160A+71178]
	Ordinal0 [0x007D2690+75408]
	Ordinal0 [0x007D2629+75305]
	Ordinal0 [0x008D71B7+1143223]
	GetHandleVerifier [0x009D2B46+507814]
	GetHandleVerifier [0x009D2864+507076]
	GetHandleVerifier [0x009D9F47+537511]
	GetHandleVerifier [0x009D3402+510050]
	Ordinal0 [0x008CF29C+1110684]
	Ordinal0 [0x008D938B+1151883]
	Ordinal0 [0x008D94F3+1152243]
	Ordinal0 [0x008D83F5+1147893]
	BaseThreadInitThunk [0x75376359+25]
	RtlGetAppContainerNamedObjectPath [0x77667B74+228]
	RtlGetAppContainerNamedObjectPath [0x77667B44+180]
">
      <![CDATA[org.openqa.selenium.SessionNotCreatedException: session not created: This version of ChromeDriver only supports Chrome version 79
Build info: version: '4.0.0-alpha-1', revision: 'd1d3728cae', time: '2019-04-24T13:42:21'
System info: host: 'WP3078', ip: '10.34.1.10', os.name: 'Windows 10', os.arch: 'amd64', os.version: '10.0', java.version: '1.8.0_211'
Driver info: driver.version: ChromeDriver
remote stacktrace: Backtrace:
Ordinal0 [0x0093A113+1548563]
Ordinal0 [0x008BDDA1+1039777]
Ordinal0 [0x0083E485+517253]
Ordinal0 [0x007CFD34+64820]
Ordinal0 [0x007CC61E+50718]
Ordinal0 [0x007EB797+178071]
Ordinal0 [0x007EB59D+177565]
Ordinal0 [0x007E95FB+169467]
Ordinal0 [0x007D160A+71178]
Ordinal0 [0x007D2690+75408]
Ordinal0 [0x007D2629+75305]
Ordinal0 [0x008D71B7+1143223]
GetHandleVerifier [0x009D2B46+507814]
GetHandleVerifier [0x009D2864+507076]
GetHandleVerifier [0x009D9F47+537511]
GetHandleVerifier [0x009D3402+510050]
Ordinal0 [0x008CF29C+1110684]
Ordinal0 [0x008D938B+1151883]
Ordinal0 [0x008D94F3+1152243]
Ordinal0 [0x008D83F5+1147893]
BaseThreadInitThunk [0x75376359+25]
RtlGetAppContainerNamedObjectPath [0x77667B74+228]
RtlGetAppContainerNamedObjectPath [0x77667B44+180]

at sun.reflect.NativeConstructorAccessorImpl.newInstance0(Native Method)
at sun.reflect.NativeConstructorAccessorImpl.newInstance(NativeConstructorAccessorImpl.java:62)
at sun.reflect.DelegatingConstructorAccessorImpl.newInstance(DelegatingConstructorAccessorImpl.java:45)
at java.lang.reflect.Constructor.newInstance(Constructor.java:423)
at org.openqa.selenium.remote.W3CHandshakeResponse.lambda$errorHandler$0(W3CHandshakeResponse.java:62)
at org.openqa.selenium.remote.HandshakeResponse.lambda$getResponseFunction$0(HandshakeResponse.java:30)
at org.openqa.selenium.remote.ProtocolHandshake.lambda$createSession$0(ProtocolHandshake.java:126)
at java.util.stream.ReferencePipeline$3$1.accept(ReferencePipeline.java:193)
at java.util.Spliterators$ArraySpliterator.tryAdvance(Spliterators.java:958)
at java.util.stream.ReferencePipeline.forEachWithCancel(ReferencePipeline.java:126)
at java.util.stream.AbstractPipeline.copyIntoWithCancel(AbstractPipeline.java:498)
at java.util.stream.AbstractPipeline.copyInto(AbstractPipeline.java:485)
at java.util.stream.AbstractPipeline.wrapAndCopyInto(AbstractPipeline.java:471)
at java.util.stream.FindOps$FindOp.evaluateSequential(FindOps.java:152)
at java.util.stream.AbstractPipeline.evaluate(AbstractPipeline.java:234)
at java.util.stream.ReferencePipeline.findFirst(ReferencePipeline.java:464)
at org.openqa.selenium.remote.ProtocolHandshake.createSession(ProtocolHandshake.java:128)
at org.openqa.selenium.remote.ProtocolHandshake.createSession(ProtocolHandshake.java:74)
at org.openqa.selenium.remote.HttpCommandExecutor.execute(HttpCommandExecutor.java:139)
at org.openqa.selenium.remote.service.DriverCommandExecutor.execute(DriverCommandExecutor.java:83)
at org.openqa.selenium.remote.RemoteWebDriver.execute(RemoteWebDriver.java:577)
at org.openqa.selenium.remote.RemoteWebDriver.startSession(RemoteWebDriver.java:211)
at org.openqa.selenium.remote.RemoteWebDriver.<init>(RemoteWebDriver.java:131)
at org.openqa.selenium.chrome.ChromeDriver.<init>(ChromeDriver.java:189)
at org.openqa.selenium.chrome.ChromeDriver.<init>(ChromeDriver.java:176)
at org.openqa.selenium.chrome.ChromeDriver.<init>(ChromeDriver.java:165)
at AdvanceSelenium.HeadlessBrowser.headlessbrowser(HeadlessBrowser.java:22)
at sun.reflect.NativeMethodAccessorImpl.invoke0(Native Method)
at sun.reflect.NativeMethodAccessorImpl.invoke(NativeMethodAccessorImpl.java:62)
at sun.reflect.DelegatingMethodAccessorImpl.invoke(DelegatingMethodAccessorImpl.java:43)
at java.lang.reflect.Method.invoke(Method.java:498)
at org.testng.internal.MethodInvocationHelper.invokeMethod(MethodInvocationHelper.java:133)
at org.testng.internal.TestInvoker.invokeMethod(TestInvoker.java:584)
at org.testng.internal.TestInvoker.invokeTestMethod(TestInvoker.java:172)
at org.testng.internal.MethodRunner.runInSequence(MethodRunner.java:46)
at org.testng.internal.TestInvoker$MethodInvocationAgent.invoke(TestInvoker.java:804)
at org.testng.internal.TestInvoker.invokeTestMethods(TestInvoker.java:145)
at org.testng.internal.TestMethodWorker.invokeTestMethods(TestMethodWorker.java:146)
at org.testng.internal.TestMethodWorker.run(TestMethodWorker.java:128)
at java.util.ArrayList.forEach(ArrayList.java:1257)
at org.testng.TestRunner.privateRun(TestRunner.java:770)
at org.testng.TestRunner.run(TestRunner.java:591)
at org.testng.SuiteRunner.runTest(SuiteRunner.java:402)
at org.testng.SuiteRunner.runSequentially(SuiteRunner.java:396)
at org.testng.SuiteRunner.privateRun(SuiteRunner.java:355)
at org.testng.SuiteRunner.run(SuiteRunner.java:304)
at org.testng.SuiteRunnerWorker.runSuite(SuiteRunnerWorker.java:53)
at org.testng.SuiteRunnerWorker.run(SuiteRunnerWorker.java:96)
at org.testng.TestNG.runSuitesSequentially(TestNG.java:1180)
at org.testng.TestNG.runSuitesLocally(TestNG.java:1102)
at org.testng.TestNG.runSuites(TestNG.java:1032)
at org.testng.TestNG.run(TestNG.java:1000)
at org.testng.remote.AbstractRemoteTestNG.run(AbstractRemoteTestNG.java:115)
at org.testng.remote.RemoteTestNG.initAndRun(RemoteTestNG.java:251)
at org.testng.remote.RemoteTestNG.main(RemoteTestNG.java:77)
]]>
    </error>
  </testcase> <!-- headlessbrowser -->
</testsuite> <!-- AdvanceSelenium.HeadlessBrowser -->
