<?xml version="1.0" encoding="UTF-8"?>
<!-- Generated by org.testng.reporters.JUnitXMLReporter -->
<testsuite hostname="LAPTOP-A5GJABUP" ignored="0" name="Default test" tests="5" failures="1" timestamp="06 Oct 2019 23:53:28 GMT" time="67.888" errors="0">
  <testcase name="tc_01_currencyConversionValidation" time="5.09" classname="com.org.tests.CurrencyConverterTests"/>
  <testcase name="tc_01_currencyConversionValidation" time="2.612" classname="com.org.tests.CurrencyConverterTests"/>
  <testcase name="tc_01_currencyConversionValidation" time="2.938" classname="com.org.tests.CurrencyConverterTests">
    <failure type="java.lang.AssertionError" message="Actual heading &amp;apos;87.3 INR&amp;apos; should be same as expected heading &amp;apos;87.2 INR&amp;apos;. expected [87.2 INR] but found [87.3 INR]">
      <![CDATA[java.lang.AssertionError: Actual heading '87.3 INR' should be same as expected heading '87.2 INR'. expected [87.2 INR] but found [87.3 INR]
at org.testng.Assert.fail(Assert.java:96)
at org.testng.Assert.failNotEquals(Assert.java:776)
at org.testng.Assert.assertEqualsImpl(Assert.java:137)
at org.testng.Assert.assertEquals(Assert.java:118)
at org.testng.Assert.assertEquals(Assert.java:453)
at com.org.pages.CurrencyConverterResultsPage.TargetCurrencyValidateResults(CurrencyConverterResultsPage.java:69)
at com.org.tests.CurrencyConverterTests.tc_01_currencyConversionValidation(CurrencyConverterTests.java:32)
at sun.reflect.NativeMethodAccessorImpl.invoke0(Native Method)
at sun.reflect.NativeMethodAccessorImpl.invoke(NativeMethodAccessorImpl.java:62)
at sun.reflect.DelegatingMethodAccessorImpl.invoke(DelegatingMethodAccessorImpl.java:43)
at java.lang.reflect.Method.invoke(Method.java:498)
at org.testng.internal.MethodInvocationHelper.invokeMethod(MethodInvocationHelper.java:124)
at org.testng.internal.Invoker.invokeMethod(Invoker.java:583)
at org.testng.internal.Invoker.invokeTestMethod(Invoker.java:719)
at org.testng.internal.Invoker.invokeTestMethods(Invoker.java:989)
at org.testng.internal.TestMethodWorker.invokeTestMethods(TestMethodWorker.java:125)
at org.testng.internal.TestMethodWorker.run(TestMethodWorker.java:109)
at org.testng.TestRunner.privateRun(TestRunner.java:648)
at org.testng.TestRunner.run(TestRunner.java:505)
at org.testng.SuiteRunner.runTest(SuiteRunner.java:455)
at org.testng.SuiteRunner.runSequentially(SuiteRunner.java:450)
at org.testng.SuiteRunner.privateRun(SuiteRunner.java:415)
at org.testng.SuiteRunner.run(SuiteRunner.java:364)
at org.testng.SuiteRunnerWorker.runSuite(SuiteRunnerWorker.java:52)
at org.testng.SuiteRunnerWorker.run(SuiteRunnerWorker.java:84)
at org.testng.TestNG.runSuitesSequentially(TestNG.java:1208)
at org.testng.TestNG.runSuitesLocally(TestNG.java:1137)
at org.testng.TestNG.runSuites(TestNG.java:1049)
at org.testng.TestNG.run(TestNG.java:1017)
at org.testng.remote.AbstractRemoteTestNG.run(AbstractRemoteTestNG.java:115)
at org.testng.remote.RemoteTestNG.initAndRun(RemoteTestNG.java:251)
at org.testng.remote.RemoteTestNG.main(RemoteTestNG.java:77)
]]>
    </failure>
  </testcase> <!-- tc_01_currencyConversionValidation -->
  <testcase name="tc_01_currencyConversionValidation" time="2.309" classname="com.org.tests.CurrencyConverterTests"/>
  <testcase name="tc_01_currencyConversionValidation" time="2.023" classname="com.org.tests.CurrencyConverterTests"/>
</testsuite> <!-- Default test -->
