<?xml version="1.0" encoding="UTF-8"?>
<!-- Generated by org.testng.reporters.JUnitXMLReporter -->
<testsuite hostname="LAPTOP-A5GJABUP" ignored="0" name="Test" tests="5" failures="1" timestamp="18 Apr 2021 22:11:28 GMT" time="29.724" errors="0">
  <testcase name="PrintGivenRange" time="0.016" classname="com.org.tests.AdhocTestCaseRun"/>
  <testcase name="TriangleArea" time="0.016" classname="com.org.tests.AdhocTestCaseRun"/>
  <testcase name="SavingShivNadarPhoto" time="5.209" classname="com.org.tests.HCLWebTests"/>
  <testcase name="ValidateShivNadarTextInBODList" time="3.192" classname="com.org.tests.HCLWebTests"/>
  <testcase name="TeamWithSmallestDifferenceGoal" time="0.005" classname="com.org.tests.PrintSmallestDifferenceGoal">
    <failure type="java.lang.AssertionError" message="expected [-34] but found [-34]">
      <![CDATA[java.lang.AssertionError: expected [-34] but found [-34]
at com.org.tests.PrintSmallestDifferenceGoal.TeamWithSmallestDifferenceGoal(PrintSmallestDifferenceGoal.java:68)
... Removed 30 stack frames]]>
    </failure>
  </testcase> <!-- TeamWithSmallestDifferenceGoal -->
</testsuite> <!-- Test -->
