<?xml version="1.0" encoding="UTF-8"?>
<!-- Generated by org.testng.reporters.JUnitXMLReporter -->
<testsuite hostname="LAPTOP-A5GJABUP" ignored="0" name="Test" tests="2" failures="1" timestamp="2020-02-09T22:56:42 CET" time="13.769" errors="0">
  <testcase name="WebTableExcercise" time="1.528" classname="com.org.test.WebTableExcercise"/>
  <testcase name="WebTableExcercise1" time="0.011" classname="com.org.test.WebTableExcercise">
    <failure type="java.lang.IllegalStateException" message="The driver executable does not exist: C:\Users\unkan\Documents\GitHub\zelenium\SeleniumFrameWork\drivers\chromedriver79.exe">
      <![CDATA[java.lang.IllegalStateException: The driver executable does not exist: C:\Users\unkan\Documents\GitHub\zelenium\SeleniumFrameWork\drivers\chromedriver79.exe
at com.google.common.base.Preconditions.checkState(Preconditions.java:518)
at org.openqa.selenium.remote.service.DriverService.checkExecutable(DriverService.java:136)
at org.openqa.selenium.remote.service.DriverService.findExecutable(DriverService.java:131)
at org.openqa.selenium.chrome.ChromeDriverService.access$000(ChromeDriverService.java:32)
at org.openqa.selenium.chrome.ChromeDriverService$Builder.findDefaultExecutable(ChromeDriverService.java:137)
at org.openqa.selenium.remote.service.DriverService$Builder.build(DriverService.java:330)
at org.openqa.selenium.chrome.ChromeDriverService.createDefaultService(ChromeDriverService.java:88)
at org.openqa.selenium.chrome.ChromeDriver.<init>(ChromeDriver.java:124)
at com.org.test.WebTableExcercise.WebTableExcercise1(WebTableExcercise.java:45)
at java.util.ArrayList.forEach(ArrayList.java:1257)
... Removed 27 stack frames]]>
    </failure>
  </testcase> <!-- WebTableExcercise1 -->
</testsuite> <!-- Test -->
