<html>
<head>
<title>TestNG:  Default test</title>
<link href="../testng.css" rel="stylesheet" type="text/css" />
<link href="../my-testng.css" rel="stylesheet" type="text/css" />

<style type="text/css">
.log { display: none;} 
.stack-trace { display: none;} 
</style>
<script type="text/javascript">
<!--
function flip(e) {
  current = e.style.display;
  if (current == 'block') {
    e.style.display = 'none';
    return 0;
  }
  else {
    e.style.display = 'block';
    return 1;
  }
}

function toggleBox(szDivId, elem, msg1, msg2)
{
  var res = -1;  if (document.getElementById) {
    res = flip(document.getElementById(szDivId));
  }
  else if (document.all) {
    // this is the way old msie versions work
    res = flip(document.all[szDivId]);
  }
  if(elem) {
    if(res == 0) elem.innerHTML = msg1; else elem.innerHTML = msg2;
  }

}

function toggleAllBoxes() {
  if (document.getElementsByTagName) {
    d = document.getElementsByTagName('div');
    for (i = 0; i < d.length; i++) {
      if (d[i].className == 'log') {
        flip(d[i]);
      }
    }
  }
}

// -->
</script>

</head>
<body>
<h2 align='center'>Default test</h2><table border='1' align="center">
<tr>
<td>Tests passed/Failed/Skipped:</td><td>19/2/0</td>
</tr><tr>
<td>Started on:</td><td>Tue Feb 18 14:49:32 CET 2020</td>
</tr>
<tr><td>Total time:</td><td>133 seconds (133813 ms)</td>
</tr><tr>
<td>Included groups:</td><td></td>
</tr><tr>
<td>Excluded groups:</td><td></td>
</tr>
</table><p/>
<small><i>(Hover the method name to see the test class name)</i></small><p/>
<table width='100%' border='1' class='invocation-failed'>
<tr><td colspan='4' align='center'><b>FAILED TESTS</b></td></tr>
<tr><td><b>Test method</b></td>
<td width="30%"><b>Exception</b></td>
<td width="10%"><b>Time (seconds)</b></td>
<td><b>Instance</b></td>
</tr>
<tr>
<td title='com.org.tests.ZyLabLibraryTests.TC15_ModifyPublisherBookDetails()'><b>TC15_ModifyPublisherBookDetails</b><br>Test class: com.org.tests.ZyLabLibraryTests</td>
<td><div><pre>java.lang.AssertionError: Actual heading &apos;Constable &amp; Co Ltd&apos; should be same as expected heading &apos;PublisherChange expected [PublisherChange] but found [Constable &amp; Co Ltd]
	at org.testng.Assert.fail(Assert.java:96)
	at org.testng.Assert.failNotEquals(Assert.java:776)
	at org.testng.Assert.assertEqualsImpl(Assert.java:137)
	at org.testng.Assert.assertEquals(Assert.java:118)
	at org.testng.Assert.assertEquals(Assert.java:453)
	at com.org.pages.LibraryPage.ValidateModifiedpublisherDetails(LibraryPage.java:405)
	at com.org.tests.ZyLabLibraryTests.TC15_ModifyPublisherBookDetails(ZyLabLibraryTests.java:133)
	at sun.reflect.NativeMethodAccessorImpl.invoke0(Native Method)
	at sun.reflect.NativeMethodAccessorImpl.invoke(NativeMethodAccessorImpl.java:62)
	at sun.reflect.DelegatingMethodAccessorImpl.invoke(DelegatingMethodAccessorImpl.java:43)
	at java.lang.reflect.Method.invoke(Method.java:498)
	at org.testng.internal.MethodInvocationHelper.invokeMethod(MethodInvocationHelper.java:124)
	at org.testng.internal.Invoker.invokeMethod(Invoker.java:583)
	at org.testng.internal.Invoker.invokeTestMethod(Invoker.java:719)
	at org.testng.internal.Invoker.invokeTestMethods(Invoker.java:989)
	at org.testng.internal.TestMethodWorker.invokeTestMethods(TestMethodWorker.java:125)
	at org.testng.internal.TestMethodWorker.run(TestMethodWorker.java:109)
	at org.testng.TestRunner.privateRun(TestRunner.java:648)
	at org.testng.TestRunner.run(TestRunner.java:505)
	at org.testng.SuiteRunner.runTest(SuiteRunner.java:455)
	at org.testng.SuiteRunner.runSequentially(SuiteRunner.java:450)
	at org.testng.SuiteRunner.privateRun(SuiteRunner.java:415)
	at org.testng.SuiteRunner.run(SuiteRunner.java:364)
	at org.testng.SuiteRunnerWorker.runSuite(SuiteRunnerWorker.java:52)
	at org.testng.SuiteRunnerWorker.run(SuiteRunnerWorker.java:84)
	at org.testng.TestNG.runSuitesSequentially(TestNG.java:1208)
	at org.testng.TestNG.runSuitesLocally(TestNG.java:1137)
	at org.testng.TestNG.runSuites(TestNG.java:1049)
	at org.testng.TestNG.run(TestNG.java:1017)
	at org.testng.remote.AbstractRemoteTestNG.run(AbstractRemoteTestNG.java:115)
	at org.testng.remote.RemoteTestNG.initAndRun(RemoteTestNG.java:251)
	at org.testng.remote.RemoteTestNG.main(RemoteTestNG.java:77)
</pre></div><a href='#' onClick='toggleBox("stack-trace1136503323", this, "Click to show all stack frames", "Click to hide stack frames")'>Click to show all stack frames</a>
<div class='stack-trace' id='stack-trace1136503323'><pre>java.lang.AssertionError: Actual heading &apos;Constable &amp; Co Ltd&apos; should be same as expected heading &apos;PublisherChange expected [PublisherChange] but found [Constable &amp; Co Ltd]
	at org.testng.Assert.fail(Assert.java:96)
	at org.testng.Assert.failNotEquals(Assert.java:776)
	at org.testng.Assert.assertEqualsImpl(Assert.java:137)
	at org.testng.Assert.assertEquals(Assert.java:118)
	at org.testng.Assert.assertEquals(Assert.java:453)
	at com.org.pages.LibraryPage.ValidateModifiedpublisherDetails(LibraryPage.java:405)
	at com.org.tests.ZyLabLibraryTests.TC15_ModifyPublisherBookDetails(ZyLabLibraryTests.java:133)
	at sun.reflect.NativeMethodAccessorImpl.invoke0(Native Method)
	at sun.reflect.NativeMethodAccessorImpl.invoke(NativeMethodAccessorImpl.java:62)
	at sun.reflect.DelegatingMethodAccessorImpl.invoke(DelegatingMethodAccessorImpl.java:43)
	at java.lang.reflect.Method.invoke(Method.java:498)
	at org.testng.internal.MethodInvocationHelper.invokeMethod(MethodInvocationHelper.java:124)
	at org.testng.internal.Invoker.invokeMethod(Invoker.java:583)
	at org.testng.internal.Invoker.invokeTestMethod(Invoker.java:719)
	at org.testng.internal.Invoker.invokeTestMethods(Invoker.java:989)
	at org.testng.internal.TestMethodWorker.invokeTestMethods(TestMethodWorker.java:125)
	at org.testng.internal.TestMethodWorker.run(TestMethodWorker.java:109)
	at org.testng.TestRunner.privateRun(TestRunner.java:648)
	at org.testng.TestRunner.run(TestRunner.java:505)
	at org.testng.SuiteRunner.runTest(SuiteRunner.java:455)
	at org.testng.SuiteRunner.runSequentially(SuiteRunner.java:450)
	at org.testng.SuiteRunner.privateRun(SuiteRunner.java:415)
	at org.testng.SuiteRunner.run(SuiteRunner.java:364)
	at org.testng.SuiteRunnerWorker.runSuite(SuiteRunnerWorker.java:52)
	at org.testng.SuiteRunnerWorker.run(SuiteRunnerWorker.java:84)
	at org.testng.TestNG.runSuitesSequentially(TestNG.java:1208)
	at org.testng.TestNG.runSuitesLocally(TestNG.java:1137)
	at org.testng.TestNG.runSuites(TestNG.java:1049)
	at org.testng.TestNG.run(TestNG.java:1017)
	at org.testng.remote.AbstractRemoteTestNG.run(AbstractRemoteTestNG.java:115)
	at org.testng.remote.RemoteTestNG.initAndRun(RemoteTestNG.java:251)
	at org.testng.remote.RemoteTestNG.main(RemoteTestNG.java:77)
</pre></div></td>
<td>1</td>
<td>com.org.tests.ZyLabLibraryTests@52a86356</td></tr>
<tr>
<td title='com.org.tests.ZyLabLibraryTests.TC19_CancelButtonForTestingYearofPublishing()'><b>TC19_CancelButtonForTestingYearofPublishing</b><br>Test class: com.org.tests.ZyLabLibraryTests</td>
<td><div><pre>java.lang.AssertionError: Actual heading &apos;2020&apos; should be same as expected heading &apos;1942&apos;. expected [1942] but found [2020]
	at org.testng.Assert.fail(Assert.java:96)
	at org.testng.Assert.failNotEquals(Assert.java:776)
	at org.testng.Assert.assertEqualsImpl(Assert.java:137)
	at org.testng.Assert.assertEquals(Assert.java:118)
	at org.testng.Assert.assertEquals(Assert.java:453)
	at com.org.pages.LibraryPage.VerifyYearOfPublishingText(LibraryPage.java:279)
	at com.org.tests.ZyLabLibraryTests.TC19_CancelButtonForTestingYearofPublishing(ZyLabLibraryTests.java:171)
	at sun.reflect.NativeMethodAccessorImpl.invoke0(Native Method)
	at sun.reflect.NativeMethodAccessorImpl.invoke(NativeMethodAccessorImpl.java:62)
	at sun.reflect.DelegatingMethodAccessorImpl.invoke(DelegatingMethodAccessorImpl.java:43)
	at java.lang.reflect.Method.invoke(Method.java:498)
	at org.testng.internal.MethodInvocationHelper.invokeMethod(MethodInvocationHelper.java:124)
	at org.testng.internal.Invoker.invokeMethod(Invoker.java:583)
	at org.testng.internal.Invoker.invokeTestMethod(Invoker.java:719)
	at org.testng.internal.Invoker.invokeTestMethods(Invoker.java:989)
	at org.testng.internal.TestMethodWorker.invokeTestMethods(TestMethodWorker.java:125)
	at org.testng.internal.TestMethodWorker.run(TestMethodWorker.java:109)
	at org.testng.TestRunner.privateRun(TestRunner.java:648)
	at org.testng.TestRunner.run(TestRunner.java:505)
	at org.testng.SuiteRunner.runTest(SuiteRunner.java:455)
	at org.testng.SuiteRunner.runSequentially(SuiteRunner.java:450)
	at org.testng.SuiteRunner.privateRun(SuiteRunner.java:415)
	at org.testng.SuiteRunner.run(SuiteRunner.java:364)
	at org.testng.SuiteRunnerWorker.runSuite(SuiteRunnerWorker.java:52)
	at org.testng.SuiteRunnerWorker.run(SuiteRunnerWorker.java:84)
	at org.testng.TestNG.runSuitesSequentially(TestNG.java:1208)
	at org.testng.TestNG.runSuitesLocally(TestNG.java:1137)
	at org.testng.TestNG.runSuites(TestNG.java:1049)
	at org.testng.TestNG.run(TestNG.java:1017)
	at org.testng.remote.AbstractRemoteTestNG.run(AbstractRemoteTestNG.java:115)
	at org.testng.remote.RemoteTestNG.initAndRun(RemoteTestNG.java:251)
	at org.testng.remote.RemoteTestNG.main(RemoteTestNG.java:77)
</pre></div><a href='#' onClick='toggleBox("stack-trace360233196", this, "Click to show all stack frames", "Click to hide stack frames")'>Click to show all stack frames</a>
<div class='stack-trace' id='stack-trace360233196'><pre>java.lang.AssertionError: Actual heading &apos;2020&apos; should be same as expected heading &apos;1942&apos;. expected [1942] but found [2020]
	at org.testng.Assert.fail(Assert.java:96)
	at org.testng.Assert.failNotEquals(Assert.java:776)
	at org.testng.Assert.assertEqualsImpl(Assert.java:137)
	at org.testng.Assert.assertEquals(Assert.java:118)
	at org.testng.Assert.assertEquals(Assert.java:453)
	at com.org.pages.LibraryPage.VerifyYearOfPublishingText(LibraryPage.java:279)
	at com.org.tests.ZyLabLibraryTests.TC19_CancelButtonForTestingYearofPublishing(ZyLabLibraryTests.java:171)
	at sun.reflect.NativeMethodAccessorImpl.invoke0(Native Method)
	at sun.reflect.NativeMethodAccessorImpl.invoke(NativeMethodAccessorImpl.java:62)
	at sun.reflect.DelegatingMethodAccessorImpl.invoke(DelegatingMethodAccessorImpl.java:43)
	at java.lang.reflect.Method.invoke(Method.java:498)
	at org.testng.internal.MethodInvocationHelper.invokeMethod(MethodInvocationHelper.java:124)
	at org.testng.internal.Invoker.invokeMethod(Invoker.java:583)
	at org.testng.internal.Invoker.invokeTestMethod(Invoker.java:719)
	at org.testng.internal.Invoker.invokeTestMethods(Invoker.java:989)
	at org.testng.internal.TestMethodWorker.invokeTestMethods(TestMethodWorker.java:125)
	at org.testng.internal.TestMethodWorker.run(TestMethodWorker.java:109)
	at org.testng.TestRunner.privateRun(TestRunner.java:648)
	at org.testng.TestRunner.run(TestRunner.java:505)
	at org.testng.SuiteRunner.runTest(SuiteRunner.java:455)
	at org.testng.SuiteRunner.runSequentially(SuiteRunner.java:450)
	at org.testng.SuiteRunner.privateRun(SuiteRunner.java:415)
	at org.testng.SuiteRunner.run(SuiteRunner.java:364)
	at org.testng.SuiteRunnerWorker.runSuite(SuiteRunnerWorker.java:52)
	at org.testng.SuiteRunnerWorker.run(SuiteRunnerWorker.java:84)
	at org.testng.TestNG.runSuitesSequentially(TestNG.java:1208)
	at org.testng.TestNG.runSuitesLocally(TestNG.java:1137)
	at org.testng.TestNG.runSuites(TestNG.java:1049)
	at org.testng.TestNG.run(TestNG.java:1017)
	at org.testng.remote.AbstractRemoteTestNG.run(AbstractRemoteTestNG.java:115)
	at org.testng.remote.RemoteTestNG.initAndRun(RemoteTestNG.java:251)
	at org.testng.remote.RemoteTestNG.main(RemoteTestNG.java:77)
</pre></div></td>
<td>0</td>
<td>com.org.tests.ZyLabLibraryTests@52a86356</td></tr>
</table><p>
<table width='100%' border='1' class='invocation-passed'>
<tr><td colspan='4' align='center'><b>PASSED TESTS</b></td></tr>
<tr><td><b>Test method</b></td>
<td width="30%"><b>Exception</b></td>
<td width="10%"><b>Time (seconds)</b></td>
<td><b>Instance</b></td>
</tr>
<tr>
<td title='com.org.tests.ZyLabLibraryTests.TC01_LibraryPageHeaderCheck()'><b>TC01_LibraryPageHeaderCheck</b><br>Test class: com.org.tests.ZyLabLibraryTests</td>
<td></td>
<td>0</td>
<td>com.org.tests.ZyLabLibraryTests@52a86356</td></tr>
<tr>
<td title='com.org.tests.ZyLabLibraryTests.TC02_LibraryMenuChecks()'><b>TC02_LibraryMenuChecks</b><br>Test class: com.org.tests.ZyLabLibraryTests</td>
<td></td>
<td>0</td>
<td>com.org.tests.ZyLabLibraryTests@52a86356</td></tr>
<tr>
<td title='com.org.tests.ZyLabLibraryTests.TC03_WhenNoBooksIsSelected()'><b>TC03_WhenNoBooksIsSelected</b><br>Test class: com.org.tests.ZyLabLibraryTests</td>
<td></td>
<td>0</td>
<td>com.org.tests.ZyLabLibraryTests@52a86356</td></tr>
<tr>
<td title='com.org.tests.ZyLabLibraryTests.TC04_FilterTextBoxCheck()'><b>TC04_FilterTextBoxCheck</b><br>Test class: com.org.tests.ZyLabLibraryTests</td>
<td></td>
<td>0</td>
<td>com.org.tests.ZyLabLibraryTests@52a86356</td></tr>
<tr>
<td title='com.org.tests.ZyLabLibraryTests.TC05_ListingBooksDisplayCheck()'><b>TC05_ListingBooksDisplayCheck</b><br>Test class: com.org.tests.ZyLabLibraryTests</td>
<td></td>
<td>0</td>
<td>com.org.tests.ZyLabLibraryTests@52a86356</td></tr>
<tr>
<td title='com.org.tests.ZyLabLibraryTests.TC06_UserAbleToDeleteBooks()'><b>TC06_UserAbleToDeleteBooks</b><br>Test class: com.org.tests.ZyLabLibraryTests</td>
<td></td>
<td>5</td>
<td>com.org.tests.ZyLabLibraryTests@52a86356</td></tr>
<tr>
<td title='com.org.tests.ZyLabLibraryTests.TC07_UserSearchBookFromFilters()'><b>TC07_UserSearchBookFromFilters</b><br>Test class: com.org.tests.ZyLabLibraryTests</td>
<td></td>
<td>0</td>
<td>com.org.tests.ZyLabLibraryTests@52a86356</td></tr>
<tr>
<td title='com.org.tests.ZyLabLibraryTests.TC08_InvalidSearchBookFromFilters()'><b>TC08_InvalidSearchBookFromFilters</b><br>Test class: com.org.tests.ZyLabLibraryTests</td>
<td></td>
<td>10</td>
<td>com.org.tests.ZyLabLibraryTests@52a86356</td></tr>
<tr>
<td title='com.org.tests.ZyLabLibraryTests.TC09_BookDetailsLabelsDisplayCheck()'><b>TC09_BookDetailsLabelsDisplayCheck</b><br>Test class: com.org.tests.ZyLabLibraryTests</td>
<td></td>
<td>0</td>
<td>com.org.tests.ZyLabLibraryTests@52a86356</td></tr>
<tr>
<td title='com.org.tests.ZyLabLibraryTests.TC10_BookDetailsTextValuesCheck()'><b>TC10_BookDetailsTextValuesCheck</b><br>Test class: com.org.tests.ZyLabLibraryTests</td>
<td></td>
<td>0</td>
<td>com.org.tests.ZyLabLibraryTests@52a86356</td></tr>
<tr>
<td title='com.org.tests.ZyLabLibraryTests.TC11_ButtonsAvailabilityCheck()'><b>TC11_ButtonsAvailabilityCheck</b><br>Test class: com.org.tests.ZyLabLibraryTests</td>
<td></td>
<td>0</td>
<td>com.org.tests.ZyLabLibraryTests@52a86356</td></tr>
<tr>
<td title='com.org.tests.ZyLabLibraryTests.TC12_BookDetailsMandatoryCheck()'><b>TC12_BookDetailsMandatoryCheck</b><br>Test class: com.org.tests.ZyLabLibraryTests</td>
<td></td>
<td>0</td>
<td>com.org.tests.ZyLabLibraryTests@52a86356</td></tr>
<tr>
<td title='com.org.tests.ZyLabLibraryTests.TC13_BookDetailsNonMandatoryFieldCheck()'><b>TC13_BookDetailsNonMandatoryFieldCheck</b><br>Test class: com.org.tests.ZyLabLibraryTests</td>
<td></td>
<td>0</td>
<td>com.org.tests.ZyLabLibraryTests@52a86356</td></tr>
<tr>
<td title='com.org.tests.ZyLabLibraryTests.TC14_ModifyBookDetails()'><b>TC14_ModifyBookDetails</b><br>Test class: com.org.tests.ZyLabLibraryTests</td>
<td></td>
<td>1</td>
<td>com.org.tests.ZyLabLibraryTests@52a86356</td></tr>
<tr>
<td title='com.org.tests.ZyLabLibraryTests.TC16_LargeCharsEntryBookDetailsCheck()'><b>TC16_LargeCharsEntryBookDetailsCheck</b><br>Test class: com.org.tests.ZyLabLibraryTests</td>
<td></td>
<td>1</td>
<td>com.org.tests.ZyLabLibraryTests@52a86356</td></tr>
<tr>
<td title='com.org.tests.ZyLabLibraryTests.TC17_YearofPublishingEnterAlphaNumeric()'><b>TC17_YearofPublishingEnterAlphaNumeric</b><br>Test class: com.org.tests.ZyLabLibraryTests</td>
<td></td>
<td>0</td>
<td>com.org.tests.ZyLabLibraryTests@52a86356</td></tr>
<tr>
<td title='com.org.tests.ZyLabLibraryTests.TC18_CancelButtonFunctionalityCheck()'><b>TC18_CancelButtonFunctionalityCheck</b><br>Test class: com.org.tests.ZyLabLibraryTests</td>
<td></td>
<td>0</td>
<td>com.org.tests.ZyLabLibraryTests@52a86356</td></tr>
<tr>
<td title='com.org.tests.ZyLabLibraryTests.TC20_YearOfPublishingRestrictsFutureDates()'><b>TC20_YearOfPublishingRestrictsFutureDates</b><br>Test class: com.org.tests.ZyLabLibraryTests</td>
<td></td>
<td>1</td>
<td>com.org.tests.ZyLabLibraryTests@52a86356</td></tr>
<tr>
<td title='com.org.tests.ZyLabLibraryTests.TC20_YearOfPublishingShouldRestrictTo4digits()'><b>TC20_YearOfPublishingShouldRestrictTo4digits</b><br>Test class: com.org.tests.ZyLabLibraryTests</td>
<td></td>
<td>1</td>
<td>com.org.tests.ZyLabLibraryTests@52a86356</td></tr>
</table><p>
</body>
</html>