<?xml version="1.0" encoding="UTF-8"?>
<!-- Generated by org.testng.reporters.JUnitXMLReporter -->
<testsuite hostname="WP3078" ignored="0" name="Default test" tests="21" failures="2" timestamp="18 Feb 2020 13:51:46 GMT" time="133.813" errors="0">
  <testcase name="TC01_LibraryPageHeaderCheck" time="0.067" classname="com.org.tests.ZyLabLibraryTests"/>
  <testcase name="TC02_LibraryMenuChecks" time="0.066" classname="com.org.tests.ZyLabLibraryTests"/>
  <testcase name="TC03_WhenNoBooksIsSelected" time="0.035" classname="com.org.tests.ZyLabLibraryTests"/>
  <testcase name="TC04_FilterTextBoxCheck" time="0.039" classname="com.org.tests.ZyLabLibraryTests"/>
  <testcase name="TC05_ListingBooksDisplayCheck" time="0.251" classname="com.org.tests.ZyLabLibraryTests"/>
  <testcase name="TC06_UserAbleToDeleteBooks" time="5.619" classname="com.org.tests.ZyLabLibraryTests"/>
  <testcase name="TC07_UserSearchBookFromFilters" time="0.119" classname="com.org.tests.ZyLabLibraryTests"/>
  <testcase name="TC08_InvalidSearchBookFromFilters" time="10.09" classname="com.org.tests.ZyLabLibraryTests"/>
  <testcase name="TC09_BookDetailsLabelsDisplayCheck" time="0.466" classname="com.org.tests.ZyLabLibraryTests"/>
  <testcase name="TC10_BookDetailsTextValuesCheck" time="0.438" classname="com.org.tests.ZyLabLibraryTests"/>
  <testcase name="TC11_ButtonsAvailabilityCheck" time="0.42" classname="com.org.tests.ZyLabLibraryTests"/>
  <testcase name="TC12_BookDetailsMandatoryCheck" time="0.981" classname="com.org.tests.ZyLabLibraryTests"/>
  <testcase name="TC13_BookDetailsNonMandatoryFieldCheck" time="0.685" classname="com.org.tests.ZyLabLibraryTests"/>
  <testcase name="TC14_ModifyBookDetails" time="1.288" classname="com.org.tests.ZyLabLibraryTests"/>
  <testcase name="TC15_ModifyPublisherBookDetails" time="1.137" classname="com.org.tests.ZyLabLibraryTests">
    <failure type="java.lang.AssertionError" message="Actual heading &amp;apos;Constable &amp;amp; Co Ltd&amp;apos; should be same as expected heading &amp;apos;PublisherChange expected [PublisherChange] but found [Constable &amp;amp; Co Ltd]">
      <![CDATA[java.lang.AssertionError: Actual heading 'Constable & Co Ltd' should be same as expected heading 'PublisherChange expected [PublisherChange] but found [Constable & Co Ltd]
at org.testng.Assert.fail(Assert.java:96)
at org.testng.Assert.failNotEquals(Assert.java:776)
at org.testng.Assert.assertEqualsImpl(Assert.java:137)
at org.testng.Assert.assertEquals(Assert.java:118)
at org.testng.Assert.assertEquals(Assert.java:453)
at com.org.pages.LibraryPage.ValidateModifiedpublisherDetails(LibraryPage.java:405)
at com.org.tests.ZyLabLibraryTests.TC15_ModifyPublisherBookDetails(ZyLabLibraryTests.java:133)
at sun.reflect.NativeMethodAccessorImpl.invoke0(Native Method)
at sun.reflect.NativeMethodAccessorImpl.invoke(NativeMethodAccessorImpl.java:62)
at sun.reflect.DelegatingMethodAccessorImpl.invoke(DelegatingMethodAccessorImpl.java:43)
at java.lang.reflect.Method.invoke(Method.java:498)
at org.testng.internal.MethodInvocationHelper.invokeMethod(MethodInvocationHelper.java:124)
at org.testng.internal.Invoker.invokeMethod(Invoker.java:583)
at org.testng.internal.Invoker.invokeTestMethod(Invoker.java:719)
at org.testng.internal.Invoker.invokeTestMethods(Invoker.java:989)
at org.testng.internal.TestMethodWorker.invokeTestMethods(TestMethodWorker.java:125)
at org.testng.internal.TestMethodWorker.run(TestMethodWorker.java:109)
at org.testng.TestRunner.privateRun(TestRunner.java:648)
at org.testng.TestRunner.run(TestRunner.java:505)
at org.testng.SuiteRunner.runTest(SuiteRunner.java:455)
at org.testng.SuiteRunner.runSequentially(SuiteRunner.java:450)
at org.testng.SuiteRunner.privateRun(SuiteRunner.java:415)
at org.testng.SuiteRunner.run(SuiteRunner.java:364)
at org.testng.SuiteRunnerWorker.runSuite(SuiteRunnerWorker.java:52)
at org.testng.SuiteRunnerWorker.run(SuiteRunnerWorker.java:84)
at org.testng.TestNG.runSuitesSequentially(TestNG.java:1208)
at org.testng.TestNG.runSuitesLocally(TestNG.java:1137)
at org.testng.TestNG.runSuites(TestNG.java:1049)
at org.testng.TestNG.run(TestNG.java:1017)
at org.testng.remote.AbstractRemoteTestNG.run(AbstractRemoteTestNG.java:115)
at org.testng.remote.RemoteTestNG.initAndRun(RemoteTestNG.java:251)
at org.testng.remote.RemoteTestNG.main(RemoteTestNG.java:77)
]]>
    </failure>
  </testcase> <!-- TC15_ModifyPublisherBookDetails -->
  <testcase name="TC16_LargeCharsEntryBookDetailsCheck" time="1.206" classname="com.org.tests.ZyLabLibraryTests"/>
  <testcase name="TC17_YearofPublishingEnterAlphaNumeric" time="0.692" classname="com.org.tests.ZyLabLibraryTests"/>
  <testcase name="TC18_CancelButtonFunctionalityCheck" time="0.831" classname="com.org.tests.ZyLabLibraryTests"/>
  <testcase name="TC19_CancelButtonForTestingYearofPublishing" time="0.663" classname="com.org.tests.ZyLabLibraryTests">
    <failure type="java.lang.AssertionError" message="Actual heading &amp;apos;2020&amp;apos; should be same as expected heading &amp;apos;1942&amp;apos;. expected [1942] but found [2020]">
      <![CDATA[java.lang.AssertionError: Actual heading '2020' should be same as expected heading '1942'. expected [1942] but found [2020]
at org.testng.Assert.fail(Assert.java:96)
at org.testng.Assert.failNotEquals(Assert.java:776)
at org.testng.Assert.assertEqualsImpl(Assert.java:137)
at org.testng.Assert.assertEquals(Assert.java:118)
at org.testng.Assert.assertEquals(Assert.java:453)
at com.org.pages.LibraryPage.VerifyYearOfPublishingText(LibraryPage.java:279)
at com.org.tests.ZyLabLibraryTests.TC19_CancelButtonForTestingYearofPublishing(ZyLabLibraryTests.java:171)
at sun.reflect.NativeMethodAccessorImpl.invoke0(Native Method)
at sun.reflect.NativeMethodAccessorImpl.invoke(NativeMethodAccessorImpl.java:62)
at sun.reflect.DelegatingMethodAccessorImpl.invoke(DelegatingMethodAccessorImpl.java:43)
at java.lang.reflect.Method.invoke(Method.java:498)
at org.testng.internal.MethodInvocationHelper.invokeMethod(MethodInvocationHelper.java:124)
at org.testng.internal.Invoker.invokeMethod(Invoker.java:583)
at org.testng.internal.Invoker.invokeTestMethod(Invoker.java:719)
at org.testng.internal.Invoker.invokeTestMethods(Invoker.java:989)
at org.testng.internal.TestMethodWorker.invokeTestMethods(TestMethodWorker.java:125)
at org.testng.internal.TestMethodWorker.run(TestMethodWorker.java:109)
at org.testng.TestRunner.privateRun(TestRunner.java:648)
at org.testng.TestRunner.run(TestRunner.java:505)
at org.testng.SuiteRunner.runTest(SuiteRunner.java:455)
at org.testng.SuiteRunner.runSequentially(SuiteRunner.java:450)
at org.testng.SuiteRunner.privateRun(SuiteRunner.java:415)
at org.testng.SuiteRunner.run(SuiteRunner.java:364)
at org.testng.SuiteRunnerWorker.runSuite(SuiteRunnerWorker.java:52)
at org.testng.SuiteRunnerWorker.run(SuiteRunnerWorker.java:84)
at org.testng.TestNG.runSuitesSequentially(TestNG.java:1208)
at org.testng.TestNG.runSuitesLocally(TestNG.java:1137)
at org.testng.TestNG.runSuites(TestNG.java:1049)
at org.testng.TestNG.run(TestNG.java:1017)
at org.testng.remote.AbstractRemoteTestNG.run(AbstractRemoteTestNG.java:115)
at org.testng.remote.RemoteTestNG.initAndRun(RemoteTestNG.java:251)
at org.testng.remote.RemoteTestNG.main(RemoteTestNG.java:77)
]]>
    </failure>
  </testcase> <!-- TC19_CancelButtonForTestingYearofPublishing -->
  <testcase name="TC20_YearOfPublishingRestrictsFutureDates" time="1.133" classname="com.org.tests.ZyLabLibraryTests"/>
  <testcase name="TC20_YearOfPublishingShouldRestrictTo4digits" time="1.153" classname="com.org.tests.ZyLabLibraryTests"/>
</testsuite> <!-- Default test -->
