<?xml version="1.0" encoding="UTF-8"?>
<testng-results skipped="0" failed="1" ignored="0" total="1" passed="0">
  <reporter-output>
  </reporter-output>
  <suite name="Default suite" duration-ms="5370" started-at="2020-02-17T17:03:21Z" finished-at="2020-02-17T17:03:26Z">
    <groups>
    </groups>
    <test name="Default test" duration-ms="5370" started-at="2020-02-17T17:03:21Z" finished-at="2020-02-17T17:03:26Z">
      <class name="com.org.tests.ZyLabLibraryTests">
        <test-method status="PASS" signature="setUp()[pri:0, instance:com.org.tests.ZyLabLibraryTests@66480dd7]" name="setUp" is-config="true" duration-ms="4418" started-at="2020-02-17T17:03:21Z" finished-at="2020-02-17T17:03:26Z">
          <reporter-output>
          </reporter-output>
        </test-method> <!-- setUp -->
        <test-method status="FAIL" signature="CancelButtonForTetingYearofPublishing()[pri:0, instance:com.org.tests.ZyLabLibraryTests@66480dd7]" name="CancelButtonForTetingYearofPublishing" duration-ms="842" started-at="2020-02-17T17:03:26Z" finished-at="2020-02-17T17:03:26Z">
          <exception class="java.lang.AssertionError">
            <message>
              <![CDATA[Actual heading '2020' should be same as expected heading '1942'. expected [1942] but found [2020]]]>
            </message>
            <full-stacktrace>
              <![CDATA[java.lang.AssertionError: Actual heading '2020' should be same as expected heading '1942'. expected [1942] but found [2020]
at org.testng.Assert.fail(Assert.java:96)
at org.testng.Assert.failNotEquals(Assert.java:776)
at org.testng.Assert.assertEqualsImpl(Assert.java:137)
at org.testng.Assert.assertEquals(Assert.java:118)
at org.testng.Assert.assertEquals(Assert.java:453)
at com.org.pages.LibraryPage.VerifyYearOfPublishingText(LibraryPage.java:272)
at com.org.tests.ZyLabLibraryTests.CancelButtonForTetingYearofPublishing(ZyLabLibraryTests.java:163)
at sun.reflect.NativeMethodAccessorImpl.invoke0(Native Method)
at sun.reflect.NativeMethodAccessorImpl.invoke(NativeMethodAccessorImpl.java:62)
at sun.reflect.DelegatingMethodAccessorImpl.invoke(DelegatingMethodAccessorImpl.java:43)
at java.lang.reflect.Method.invoke(Method.java:498)
at org.testng.internal.MethodInvocationHelper.invokeMethod(MethodInvocationHelper.java:124)
at org.testng.internal.Invoker.invokeMethod(Invoker.java:583)
at org.testng.internal.Invoker.invokeTestMethod(Invoker.java:719)
at org.testng.internal.Invoker.invokeTestMethods(Invoker.java:989)
at org.testng.internal.TestMethodWorker.invokeTestMethods(TestMethodWorker.java:125)
at org.testng.internal.TestMethodWorker.run(TestMethodWorker.java:109)
at org.testng.TestRunner.privateRun(TestRunner.java:648)
at org.testng.TestRunner.run(TestRunner.java:505)
at org.testng.SuiteRunner.runTest(SuiteRunner.java:455)
at org.testng.SuiteRunner.runSequentially(SuiteRunner.java:450)
at org.testng.SuiteRunner.privateRun(SuiteRunner.java:415)
at org.testng.SuiteRunner.run(SuiteRunner.java:364)
at org.testng.SuiteRunnerWorker.runSuite(SuiteRunnerWorker.java:52)
at org.testng.SuiteRunnerWorker.run(SuiteRunnerWorker.java:84)
at org.testng.TestNG.runSuitesSequentially(TestNG.java:1208)
at org.testng.TestNG.runSuitesLocally(TestNG.java:1137)
at org.testng.TestNG.runSuites(TestNG.java:1049)
at org.testng.TestNG.run(TestNG.java:1017)
at org.testng.remote.AbstractRemoteTestNG.run(AbstractRemoteTestNG.java:115)
at org.testng.remote.RemoteTestNG.initAndRun(RemoteTestNG.java:251)
at org.testng.remote.RemoteTestNG.main(RemoteTestNG.java:77)
]]>
            </full-stacktrace>
          </exception> <!-- java.lang.AssertionError -->
          <reporter-output>
          </reporter-output>
        </test-method> <!-- CancelButtonForTetingYearofPublishing -->
        <test-method status="PASS" signature="teardown(org.testng.ITestResult)[pri:0, instance:com.org.tests.ZyLabLibraryTests@66480dd7]" name="teardown" is-config="true" duration-ms="94" started-at="2020-02-17T17:03:26Z" finished-at="2020-02-17T17:03:26Z">
          <params>
            <param index="0">
              <value>
                <![CDATA[[TestResult name=CancelButtonForTetingYearofPublishing status=FAILURE method=ZyLabLibraryTests.CancelButtonForTetingYearofPublishing()[pri:0, instance:com.org.tests.ZyLabLibraryTests@66480dd7] output={null}]]]>
              </value>
            </param>
          </params>
          <reporter-output>
          </reporter-output>
        </test-method> <!-- teardown -->
      </class> <!-- com.org.tests.ZyLabLibraryTests -->
    </test> <!-- Default test -->
  </suite> <!-- Default suite -->
</testng-results>
