<?xml version="1.0" encoding="UTF-8"?>
<!-- Generated by org.testng.reporters.JUnitXMLReporter -->
<testsuite hostname="LAPTOP-A5GJABUP" ignored="0" name="Test1" tests="1" failures="1" timestamp="2020-02-05T00:33:01 CET" time="0.021" errors="0">
  <testcase name="CreateCustomer" time="0.01" classname="RegressionTestPackage.RegComponent1.RegressionTCs">
    <failure type="java.lang.AssertionError" message="The following asserts failed:
	expected [annan] but found [kannan]">
      <![CDATA[java.lang.AssertionError: The following asserts failed:
expected [annan] but found [kannan]
at RegressionTestPackage.RegComponent1.RegressionTCs.CreateCustomer(RegressionTCs.java:52)
at java.util.concurrent.ThreadPoolExecutor.runWorker(ThreadPoolExecutor.java:1149)
at java.util.concurrent.ThreadPoolExecutor$Worker.run(ThreadPoolExecutor.java:624)
at java.lang.Thread.run(Thread.java:748)
... Removed 14 stack frames]]>
    </failure>
  </testcase> <!-- CreateCustomer -->
</testsuite> <!-- Test1 -->
