<?xml version="1.0" encoding="UTF-8"?>
<!-- Generated by org.testng.reporters.JUnitReportReporter -->
<testsuite skipped="0" hostname="WP3078" name="com.org.tests.ZyLabLibraryTests" tests="21" failures="2" timestamp="18 Feb 2020 13:51:46 GMT" time="133.779" errors="0">
  <testcase name="TC10_BookDetailsTextValuesCheck" time="5.413" classname="com.org.tests.ZyLabLibraryTests"/>
  <testcase name="TC20_YearOfPublishingRestrictsFutureDates" time="6.225" classname="com.org.tests.ZyLabLibraryTests"/>
  <testcase name="TC08_InvalidSearchBookFromFilters" time="15.174" classname="com.org.tests.ZyLabLibraryTests"/>
  <testcase name="TC12_BookDetailsMandatoryCheck" time="6.036" classname="com.org.tests.ZyLabLibraryTests"/>
  <testcase name="TC15_ModifyPublisherBookDetails" time="6.983" classname="com.org.tests.ZyLabLibraryTests">
    <failure type="java.lang.AssertionError" message="Actual heading &#039;Constable &amp; Co Ltd&#039; should be same as expected heading &#039;PublisherChange expected [PublisherChange] but found [Constable &amp; Co Ltd]">
      <![CDATA[java.lang.AssertionError: Actual heading 'Constable & Co Ltd' should be same as expected heading 'PublisherChange expected [PublisherChange] but found [Constable & Co Ltd]
at org.testng.Assert.fail(Assert.java:96)
at org.testng.Assert.failNotEquals(Assert.java:776)
at org.testng.Assert.assertEqualsImpl(Assert.java:137)
at org.testng.Assert.assertEquals(Assert.java:118)
at org.testng.Assert.assertEquals(Assert.java:453)
at com.org.pages.LibraryPage.ValidateModifiedpublisherDetails(LibraryPage.java:405)
at com.org.tests.ZyLabLibraryTests.TC15_ModifyPublisherBookDetails(ZyLabLibraryTests.java:133)
at sun.reflect.NativeMethodAccessorImpl.invoke0(Native Method)
at sun.reflect.NativeMethodAccessorImpl.invoke(NativeMethodAccessorImpl.java:62)
at sun.reflect.DelegatingMethodAccessorImpl.invoke(DelegatingMethodAccessorImpl.java:43)
at java.lang.reflect.Method.invoke(Method.java:498)
at org.testng.internal.MethodInvocationHelper.invokeMethod(MethodInvocationHelper.java:124)
at org.testng.internal.Invoker.invokeMethod(Invoker.java:583)
at org.testng.internal.Invoker.invokeTestMethod(Invoker.java:719)
at org.testng.internal.Invoker.invokeTestMethods(Invoker.java:989)
at org.testng.internal.TestMethodWorker.invokeTestMethods(TestMethodWorker.java:125)
at org.testng.internal.TestMethodWorker.run(TestMethodWorker.java:109)
at org.testng.TestRunner.privateRun(TestRunner.java:648)
at org.testng.TestRunner.run(TestRunner.java:505)
at org.testng.SuiteRunner.runTest(SuiteRunner.java:455)
at org.testng.SuiteRunner.runSequentially(SuiteRunner.java:450)
at org.testng.SuiteRunner.privateRun(SuiteRunner.java:415)
at org.testng.SuiteRunner.run(SuiteRunner.java:364)
at org.testng.SuiteRunnerWorker.runSuite(SuiteRunnerWorker.java:52)
at org.testng.SuiteRunnerWorker.run(SuiteRunnerWorker.java:84)
at org.testng.TestNG.runSuitesSequentially(TestNG.java:1208)
at org.testng.TestNG.runSuitesLocally(TestNG.java:1137)
at org.testng.TestNG.runSuites(TestNG.java:1049)
at org.testng.TestNG.run(TestNG.java:1017)
at org.testng.remote.AbstractRemoteTestNG.run(AbstractRemoteTestNG.java:115)
at org.testng.remote.RemoteTestNG.initAndRun(RemoteTestNG.java:251)
at org.testng.remote.RemoteTestNG.main(RemoteTestNG.java:77)
]]>
    </failure>
  </testcase> <!-- TC15_ModifyPublisherBookDetails -->
  <testcase name="TC07_UserSearchBookFromFilters" time="5.104" classname="com.org.tests.ZyLabLibraryTests"/>
  <testcase name="TC18_CancelButtonFunctionalityCheck" time="5.897" classname="com.org.tests.ZyLabLibraryTests"/>
  <testcase name="TC01_LibraryPageHeaderCheck" time="5.153" classname="com.org.tests.ZyLabLibraryTests"/>
  <testcase name="TC17_YearofPublishingEnterAlphaNumeric" time="5.645" classname="com.org.tests.ZyLabLibraryTests"/>
  <testcase name="TC13_BookDetailsNonMandatoryFieldCheck" time="5.803" classname="com.org.tests.ZyLabLibraryTests"/>
  <testcase name="TC14_ModifyBookDetails" time="6.300" classname="com.org.tests.ZyLabLibraryTests"/>
  <testcase name="TC06_UserAbleToDeleteBooks" time="10.560" classname="com.org.tests.ZyLabLibraryTests"/>
  <testcase name="TC04_FilterTextBoxCheck" time="5.192" classname="com.org.tests.ZyLabLibraryTests"/>
  <testcase name="TC09_BookDetailsLabelsDisplayCheck" time="5.411" classname="com.org.tests.ZyLabLibraryTests"/>
  <testcase name="TC19_CancelButtonForTestingYearofPublishing" time="5.664" classname="com.org.tests.ZyLabLibraryTests">
    <failure type="java.lang.AssertionError" message="Actual heading &#039;2020&#039; should be same as expected heading &#039;1942&#039;. expected [1942] but found [2020]">
      <![CDATA[java.lang.AssertionError: Actual heading '2020' should be same as expected heading '1942'. expected [1942] but found [2020]
at org.testng.Assert.fail(Assert.java:96)
at org.testng.Assert.failNotEquals(Assert.java:776)
at org.testng.Assert.assertEqualsImpl(Assert.java:137)
at org.testng.Assert.assertEquals(Assert.java:118)
at org.testng.Assert.assertEquals(Assert.java:453)
at com.org.pages.LibraryPage.VerifyYearOfPublishingText(LibraryPage.java:279)
at com.org.tests.ZyLabLibraryTests.TC19_CancelButtonForTestingYearofPublishing(ZyLabLibraryTests.java:171)
at sun.reflect.NativeMethodAccessorImpl.invoke0(Native Method)
at sun.reflect.NativeMethodAccessorImpl.invoke(NativeMethodAccessorImpl.java:62)
at sun.reflect.DelegatingMethodAccessorImpl.invoke(DelegatingMethodAccessorImpl.java:43)
at java.lang.reflect.Method.invoke(Method.java:498)
at org.testng.internal.MethodInvocationHelper.invokeMethod(MethodInvocationHelper.java:124)
at org.testng.internal.Invoker.invokeMethod(Invoker.java:583)
at org.testng.internal.Invoker.invokeTestMethod(Invoker.java:719)
at org.testng.internal.Invoker.invokeTestMethods(Invoker.java:989)
at org.testng.internal.TestMethodWorker.invokeTestMethods(TestMethodWorker.java:125)
at org.testng.internal.TestMethodWorker.run(TestMethodWorker.java:109)
at org.testng.TestRunner.privateRun(TestRunner.java:648)
at org.testng.TestRunner.run(TestRunner.java:505)
at org.testng.SuiteRunner.runTest(SuiteRunner.java:455)
at org.testng.SuiteRunner.runSequentially(SuiteRunner.java:450)
at org.testng.SuiteRunner.privateRun(SuiteRunner.java:415)
at org.testng.SuiteRunner.run(SuiteRunner.java:364)
at org.testng.SuiteRunnerWorker.runSuite(SuiteRunnerWorker.java:52)
at org.testng.SuiteRunnerWorker.run(SuiteRunnerWorker.java:84)
at org.testng.TestNG.runSuitesSequentially(TestNG.java:1208)
at org.testng.TestNG.runSuitesLocally(TestNG.java:1137)
at org.testng.TestNG.runSuites(TestNG.java:1049)
at org.testng.TestNG.run(TestNG.java:1017)
at org.testng.remote.AbstractRemoteTestNG.run(AbstractRemoteTestNG.java:115)
at org.testng.remote.RemoteTestNG.initAndRun(RemoteTestNG.java:251)
at org.testng.remote.RemoteTestNG.main(RemoteTestNG.java:77)
]]>
    </failure>
  </testcase> <!-- TC19_CancelButtonForTestingYearofPublishing -->
  <testcase name="TC03_WhenNoBooksIsSelected" time="5.010" classname="com.org.tests.ZyLabLibraryTests"/>
  <testcase name="TC05_ListingBooksDisplayCheck" time="5.325" classname="com.org.tests.ZyLabLibraryTests"/>
  <testcase name="TC16_LargeCharsEntryBookDetailsCheck" time="6.181" classname="com.org.tests.ZyLabLibraryTests"/>
  <testcase name="TC20_YearOfPublishingShouldRestrictTo4digits" time="6.115" classname="com.org.tests.ZyLabLibraryTests"/>
  <testcase name="TC02_LibraryMenuChecks" time="5.140" classname="com.org.tests.ZyLabLibraryTests"/>
  <testcase name="TC11_ButtonsAvailabilityCheck" time="5.448" classname="com.org.tests.ZyLabLibraryTests"/>
</testsuite> <!-- com.org.tests.ZyLabLibraryTests -->
